<?xml version="1.0" encoding="UTF-8"?>
<!-- Generated by org.testng.reporters.JUnitReportReporter -->
<testsuite ignored="0" hostname="我的电脑" failures="0" tests="4" name="com.ck.report.test" time="0.008" errors="0" timestamp="20 May 2021 02:32:15 GMT" skipped="0">
  <testcase classname="com.ck.report.test" name="logDemo" time="0.000"/>
  <testcase classname="com.ck.report.test" name="test1" time="0.007"/>
  <testcase classname="com.ck.report.test" name="test2" time="0.000"/>
  <testcase classname="com.ck.report.test" name="test3" time="0.001"/>
</testsuite> <!-- com.ck.report.test -->
